SF:lib\bmi_calculator_brain.dart
DA:11,2
DA:19,2
DA:20,8
DA:21,1
DA:23,14
DA:27,2
DA:28,2
DA:30,4
DA:32,1
DA:33,1
DA:35,1
DA:37,1
DA:43,1
DA:45,1
DA:47,1
DA:53,4
DA:55,2
DA:56,2
DA:58,1
DA:60,1
DA:66,1
DA:68,1
DA:70,1
DA:78,1
DA:79,1
DA:81,1
DA:83,1
DA:89,1
DA:91,1
DA:93,1
DA:103,2
DA:104,2
DA:106,4
DA:107,1
DA:108,1
DA:110,1
DA:112,0
DA:118,0
DA:120,0
DA:122,0
DA:128,4
DA:129,0
DA:130,0
DA:132,0
DA:134,0
DA:140,0
DA:142,0
DA:144,0
DA:150,4
DA:151,1
DA:152,1
DA:154,1
DA:156,0
DA:162,0
DA:164,0
DA:166,0
DA:172,4
DA:173,2
DA:174,2
DA:176,1
DA:178,0
DA:184,1
DA:186,1
DA:188,1
DA:194,2
DA:195,0
DA:196,0
DA:198,0
DA:200,0
DA:206,0
DA:208,0
DA:210,0
DA:217,1
DA:218,1
DA:220,1
DA:222,1
DA:228,1
DA:230,1
DA:232,0
DA:242,2
DA:243,2
DA:245,4
DA:246,1
DA:247,1
DA:248,0
DA:249,0
DA:252,0
DA:253,0
DA:254,0
DA:257,4
DA:258,2
DA:259,2
DA:260,1
DA:261,1
DA:264,0
DA:265,0
DA:266,0
DA:270,1
DA:271,1
DA:272,1
DA:273,1
DA:276,0
DA:277,0
DA:278,0
LF:104
LH:69
end_of_record
SF:lib\Components\bottom_button.dart
DA:8,2
DA:12,2
DA:14,2
DA:15,2
DA:16,2
DA:18,2
DA:19,2
DA:22,2
DA:23,2
DA:24,4
LF:10
LH:10
end_of_record
SF:lib\Components\icon_content.dart
DA:9,2
DA:11,2
DA:13,2
DA:15,2
DA:16,4
DA:18,2
DA:19,4
LF:7
LH:7
end_of_record
SF:lib\Components\reusable_bmi_result_card.dart
DA:12,1
DA:20,1
DA:22,1
DA:24,1
DA:26,1
DA:27,1
DA:28,1
DA:29,1
DA:31,1
DA:33,1
DA:35,1
DA:36,1
DA:37,1
DA:38,1
DA:39,1
DA:42,1
DA:45,1
DA:47,2
DA:48,1
DA:54,1
DA:55,1
DA:56,1
LF:22
LH:22
end_of_record
SF:lib\Components\reusable_card.dart
DA:7,2
DA:9,2
DA:11,2
DA:12,2
DA:13,2
DA:14,2
DA:15,2
DA:16,2
DA:17,2
DA:19,2
LF:10
LH:10
end_of_record
SF:lib\Components\round_circle_button.dart
DA:8,2
DA:10,2
DA:12,2
DA:13,2
DA:14,2
DA:16,2
DA:17,2
DA:18,4
LF:8
LH:8
end_of_record
SF:lib\Screens\input_page.dart
DA:13,1
DA:15,1
DA:16,1
DA:26,0
DA:27,0
DA:28,0
DA:32,0
DA:33,0
DA:34,0
DA:38,0
DA:39,0
DA:40,0
DA:44,0
DA:45,0
DA:46,0
DA:50,1
DA:52,1
DA:53,2
DA:54,1
DA:56,1
DA:57,1
DA:58,1
DA:59,1
DA:60,1
DA:61,1
DA:62,1
DA:63,2
DA:64,1
DA:67,2
DA:70,1
DA:76,1
DA:77,1
DA:78,1
DA:79,2
DA:80,1
DA:83,2
DA:86,1
DA:95,1
DA:96,1
DA:98,1
DA:100,1
DA:101,2
DA:102,1
DA:106,1
DA:107,1
DA:108,2
DA:109,1
DA:114,1
DA:117,1
DA:118,2
DA:120,1
DA:121,1
DA:122,1
DA:123,1
DA:126,1
DA:130,1
DA:131,2
DA:134,0
DA:135,0
DA:136,0
DA:145,1
DA:146,1
DA:147,1
DA:148,1
DA:149,1
DA:151,1
DA:153,1
DA:154,2
DA:155,1
DA:156,2
DA:157,1
DA:162,1
DA:164,1
DA:165,1
DA:167,1
DA:170,1
DA:172,1
DA:180,1
DA:181,1
DA:183,1
DA:185,1
DA:186,2
DA:187,1
DA:188,2
DA:189,1
DA:194,1
DA:196,1
DA:197,1
DA:199,1
DA:202,1
DA:204,1
DA:215,1
DA:217,1
DA:218,1
DA:219,1
DA:222,1
DA:223,1
DA:224,1
DA:225,1
DA:226,1
DA:230,2
DA:231,2
LF:102
LH:87
end_of_record
SF:lib\Screens\result_page.dart
DA:10,1
DA:12,1
DA:14,1
DA:15,1
DA:16,1
DA:17,1
DA:18,1
DA:19,0
DA:22,1
DA:24,1
DA:25,1
DA:26,1
DA:28,2
DA:31,1
DA:32,1
DA:33,2
DA:34,2
DA:36,2
DA:37,2
DA:39,1
DA:40,1
DA:42,0
DA:43,0
LF:23
LH:20
end_of_record
SF:lib\main.dart
DA:7,0
DA:10,1
DA:12,1
DA:14,1
DA:16,2
DA:17,1
DA:18,1
DA:19,1
DA:20,1
DA:25,1
DA:26,2
DA:27,1
DA:28,3
DA:29,1
DA:30,1
DA:31,2
DA:32,1
DA:33,1
DA:34,1
LF:19
LH:18
end_of_record
